
Showing logs for build [32mcb-kubecd-environment-pr-66-9-b-1[0m stage [32mfrom-build-pack[0m and container [32mstep-credential-initializer-m2w6k[0m
{"level":"warn","ts":1568288851.3926861,"logger":"fallback-logger","caller":"logging/config.go:69","msg":"Fetch GitHub commit ID from kodata failed: \"ref: refs/heads/master\" is not a valid GitHub commit ID"}
{"level":"info","ts":1568288851.3934116,"logger":"fallback-logger","caller":"creds-init/main.go:40","msg":"Credentials initialized."}

Showing logs for build [32mcb-kubecd-environment-pr-66-9-b-1[0m stage [32mfrom-build-pack[0m and container [32mstep-working-dir-initializer-pgdt8[0m
{"level":"warn","ts":1568288852.7173147,"logger":"fallback-logger","caller":"logging/config.go:69","msg":"Fetch GitHub commit ID from kodata failed: open /var/run/ko/HEAD: no such file or directory"}
{"level":"info","ts":1568288852.720151,"logger":"fallback-logger","caller":"bash/main.go:65","msg":"Successfully executed command \"mkdir -p /workspace/source /workspace/source/env\""}

Showing logs for build [32mcb-kubecd-environment-pr-66-9-b-1[0m stage [32mfrom-build-pack[0m and container [32mstep-place-tools[0m

Showing logs for build [32mcb-kubecd-environment-pr-66-9-b-1[0m stage [32mfrom-build-pack[0m and container [32mstep-git-source-cb-kubecd-environment-pr-66-9-b-2ft8f[0m
{"level":"warn","ts":1568288912.8609774,"logger":"fallback-logger","caller":"logging/config.go:69","msg":"Fetch GitHub commit ID from kodata failed: \"ref: refs/heads/master\" is not a valid GitHub commit ID"}
{"level":"info","ts":1568288913.9203582,"logger":"fallback-logger","caller":"git/git.go:102","msg":"Successfully cloned https://github.com/cb-kubecd/environment-pr-66-9-boot-local-staging.git @ 54a12f517f2802c5d99ccc00333d61bebce0786b in path /workspace/source"}

Showing logs for build [32mcb-kubecd-environment-pr-66-9-b-1[0m stage [32mfrom-build-pack[0m and container [32mstep-git-merge[0m
Using SHAs from PULL_REFS=master:097045abdb32fd2cba32b9e7626e10dd250c8aff,1:54a12f517f2802c5d99ccc00333d61bebce0786b
DEBUG: ran git fetch --unshallow origin 54a12f517f2802c5d99ccc00333d61bebce0786b: 097045abdb32fd2cba32b9e7626e10dd250c8aff: in 
DEBUG: ran git checkout master in 
DEBUG: ran git reset --hard 097045abdb32fd2cba32b9e7626e10dd250c8aff in 
DEBUG: ran clean --force -d . in 
DEBUG: ran git merge 54a12f517f2802c5d99ccc00333d61bebce0786b in 
Merged SHA 54a12f517f2802c5d99ccc00333d61bebce0786b with commit message 'chore: Promote bdd-spring-1568288589 to version 0.0.1' into base branch master

Showing logs for build [32mcb-kubecd-environment-pr-66-9-b-1[0m stage [32mfrom-build-pack[0m and container [32mstep-build-helm-build[0m
WARNING: No $CHART_REPOSITORY defined so using the default value of: http://jenkins-x-chartmuseum:8080
Adding missing Helm repo: storage.googleapis.com https://storage.googleapis.com/chartmuseum.jenkins-x.io
Successfully added Helm repository storage.googleapis.com.
Adding missing Helm repo: jenkins-x-chartmuseum http://jenkins-x-chartmuseum:8080
Successfully added Helm repository jenkins-x-chartmuseum.
WARNING: No $CHART_REPOSITORY defined so using the default value of: http://jenkins-x-chartmuseum:8080
Adding missing Helm repo: chartmuseum.jenkins-x.io http://chartmuseum.jenkins-x.io
Successfully added Helm repository chartmuseum.jenkins-x.io.
